Arguments: 
  C:\Program Files\nodejs\node.exe C:\Program Files (x86)\Yarn\bin\yarn.js add MongoClient

PATH: 
  C:\ProgramData\Oracle\Java\javapath;C:\Windows\system32;C:\Windows;C:\Windows\System32\Wbem;C:\Windows\System32\WindowsPowerShell\v1.0\;C:\Program Files (x86)\NVIDIA Corporation\PhysX\Common;C:\WINDOWS\system32;C:\WINDOWS;C:\WINDOWS\System32\Wbem;C:\WINDOWS\System32\WindowsPowerShell\v1.0\;C:\Program Files\Git\cmd;C:\WINDOWS\System32\OpenSSH\;C:\Program Files (x86)\Yarn\bin\;C:\ProgramData\chocolatey\bin;C:\Program Files\Java\jdk1.8.0_172\bin;C:\Android\android-sdk\tools;C:\Android\android-sdk\platform-tools;C:\Program Files\Microsoft VS Code\bin;C:\Program Files\nodejs\;C:\Users\JAEHONG-JEON\.windows-build-tools\python27\;C:\Users\JAEHONG-JEON\AppData\Roaming\npm\node_modules\npm\bin\node-gyp-bin;C:\Users\JAEHONG-JEON\AppData\Roaming\npm\node_modules\windows-build-tools\node_modules\.bin;C:\Users\JAEHONG-JEON\AppData\Roaming\npm\node_modules\.bin;C:\Users\JAEHONG-JEON\AppData\Local\Programs\Python\Python37-32\Scripts\;C:\Users\JAEHONG-JEON\AppData\Local\Programs\Python\Python37-32\;C:\Users\JAEHONG-JEON\AppData\Local\Microsoft\WindowsApps;C:\Program Files\Bandizip\;C:\Users\JAEHONG-JEON\AppData\Local\Programs\Fiddler;C:\Program Files\Heroku\bin;C:\Users\JAEHONG-JEON\AppData\Local\Microsoft\WindowsApps;C:\Users\JAEHONG-JEON\AppData\Local\atom\bin;C:\Users\JAEHONG-JEON\AppData\Local\Yarn\bin;D:\study\gradle-4.8.1-all\gradle-4.8.1\bin;C:\Users\JAEHONG-JEON\AppData\Roaming\npm;C:\Program Files\MongoDB\Server\4.0\bin

Yarn version: 
  1.7.0

Node version: 
  8.9.4

Platform: 
  win32 x64

Trace: 
  Error: https://registry.yarnpkg.com/MongoClient: Not found
      at Request.params.callback [as _callback] (C:\Program Files (x86)\Yarn\lib\cli.js:65656:18)
      at Request.self.callback (C:\Program Files (x86)\Yarn\lib\cli.js:134675:22)
      at emitTwo (events.js:126:13)
      at Request.emit (events.js:214:7)
      at Request.<anonymous> (C:\Program Files (x86)\Yarn\lib\cli.js:135658:10)
      at emitOne (events.js:116:13)
      at Request.emit (events.js:211:7)
      at IncomingMessage.<anonymous> (C:\Program Files (x86)\Yarn\lib\cli.js:135578:12)
      at Object.onceWrapper (events.js:313:30)
      at emitNone (events.js:111:20)

npm manifest: 
  {
    "name": "wetube",
    "version": "1.0.0",
    "description": "clone youtube with vanila and NodeJS",
    "main": "index.js",
    "scripts": {
      "dev:server": "nodemon --exec babel-node init.js --delay 2 --ignore '.scss' --ignore 'static' ",
      "dev:assets": "cross-env WEBPACK_ENV=development webpack -w",
      "build:assets": "cross-env WEBPACK_ENV=production webpack",
      "tunnel": "lt --port 4000"
    },
    "author": "Gatsby jjh",
    "license": "ISC",
    "dependencies": {
      "@babel/core": "^7.2.2",
      "@babel/node": "^7.2.2",
      "@babel/polyfill": "^7.2.5",
      "autoprefixer": "^9.4.4",
      "aws-sdk": "^2.407.0",
      "axios": "^0.18.0",
      "babel-loader": "^8.0.5",
      "body-parser": "^1.18.3",
      "connect-mongo": "^2.0.3",
      "cookie-parser": "^1.4.3",
      "cross-env": "^5.2.0",
      "css-loader": "^2.1.0",
      "dotenv": "^6.2.0",
      "eslint-config-prettier": "^3.3.0",
      "eslint-plugin-prettier": "^3.0.1",
      "express": "^4.16.4",
      "express-session": "^1.15.6",
      "extract-text-webpack-plugin": "^4.0.0-beta.0",
      "get-blob-duration": "^1.0.1",
      "helmet": "^3.15.0",
      "mongodb-stitch-browser-sdk": "^4.2.0",
      "mongoose": "^5.4.1",
      "morgan": "^1.9.1",
      "multer": "^1.4.1",
      "multer-s3": "^2.9.0",
      "node-sass": "^4.11.0",
      "passport": "^0.4.0",
      "passport-facebook": "^2.1.1",
      "passport-github": "^1.1.0",
      "passport-google-oauth20": "^1.0.0",
      "passport-local": "^1.0.0",
      "passport-local-mongoose": "^5.0.1",
      "postcss-loader": "^3.0.0",
      "pug": "^2.0.3",
      "sass-loader": "^7.1.0",
      "webpack": "^4.28.1",
      "webpack-cli": "^3.2.1"
    },
    "devDependencies": {
      "@babel/preset-env": "^7.2.3",
      "eslint": "^5.12.0",
      "eslint-config-airbnb-base": "^13.1.0",
      "eslint-plugin-import": "^2.14.0",
      "nodemon": "^1.18.9",
      "prettier": "^1.15.3"
    }
  }

yarn manifest: 
  No manifest

Lockfile: 
  No lockfile
